<?xml version="1.0" encoding="UTF-8"?>
<?xml-stylesheet type="text/xsl" href="ivy-report.xsl"?>
<ivy-report version="1.0">
	<info
		organisation="default"
		module="default-437ab8"
		revision="0.1-SNAPSHOT"
		extra-sbtVersion="0.12"
		extra-scalaVersion="2.9.2"
		conf="test"
		confs="compile, runtime, test, provided, optional, compile-internal, runtime-internal, test-internal, plugin, sources, docs, pom"
		date="20131106195753"/>
	<dependencies>
		<module organisation="org.scalaxb" name="sbt-scalaxb">
			<revision name="1.1.2" status="release" pubdate="20130827124342" resolver="sonatype-public" artresolver="sonatype-public" homepage="http://scalaxb.org" extra-sbtVersion="0.12" extra-scalaVersion="2.9.2" downloaded="false" searched="false" default="false" conf="default(compile), default, compile, runtime, master" position="6">
				<license name="MIT License" url="https://github.com/eed3si9n/scalaxb/blob/master/LICENSE"/>
				<metadata-artifact status="no" details="" size="3075" time="0" location="/home/alex/.ivy2/cache/scala_2.9.2/sbt_0.12/org.scalaxb/sbt-scalaxb/ivy-1.1.2.xml" searched="false" origin-is-local="false" origin-location="https://oss.sonatype.org/content/repositories/public/org/scalaxb/sbt-scalaxb_2.9.2_0.12/1.1.2/sbt-scalaxb-1.1.2.pom"/>
				<caller organisation="default" name="default-437ab8" conf="test, compile, runtime" rev="1.1.2" rev-constraint-default="1.1.2" rev-constraint-dynamic="1.1.2" callerrev="0.1-SNAPSHOT" extra-sbtVersion="0.12" extra-scalaVersion="2.9.2"/>
				<artifacts>
					<artifact name="sbt-scalaxb" type="jar" ext="jar" status="no" details="" size="53643" time="0" location="/home/alex/.ivy2/cache/scala_2.9.2/sbt_0.12/org.scalaxb/sbt-scalaxb/jars/sbt-scalaxb-1.1.2.jar">
						<origin-location is-local="false" location="https://oss.sonatype.org/content/repositories/public/org/scalaxb/sbt-scalaxb_2.9.2_0.12/1.1.2/sbt-scalaxb-1.1.2.jar"/>
					</artifact>
				</artifacts>
			</revision>
		</module>
		<module organisation="org.scalaxb" name="scalaxb_2.9.2">
			<revision name="1.1.2" status="release" pubdate="20130826131440" resolver="sonatype-public" artresolver="sonatype-public" homepage="http://scalaxb.org" downloaded="false" searched="false" default="false" conf="compile, master(*), runtime, compile(*), runtime(*), master" position="7">
				<license name="MIT License" url="https://github.com/eed3si9n/scalaxb/blob/master/LICENSE"/>
				<metadata-artifact status="no" details="" size="3005" time="0" location="/home/alex/.ivy2/cache/org.scalaxb/scalaxb_2.9.2/ivy-1.1.2.xml" searched="false" origin-is-local="false" origin-location="https://oss.sonatype.org/content/repositories/public/org/scalaxb/scalaxb_2.9.2/1.1.2/scalaxb_2.9.2-1.1.2.pom"/>
				<caller organisation="org.scalaxb" name="sbt-scalaxb" conf="default, compile, runtime, master" rev="1.1.2" rev-constraint-default="1.1.2" rev-constraint-dynamic="1.1.2" callerrev="1.1.2"/>
				<artifacts>
					<artifact name="scalaxb_2.9.2" type="jar" ext="jar" status="no" details="" size="4738824" time="0" location="/home/alex/.ivy2/cache/org.scalaxb/scalaxb_2.9.2/jars/scalaxb_2.9.2-1.1.2.jar">
						<origin-location is-local="false" location="https://oss.sonatype.org/content/repositories/public/org/scalaxb/scalaxb_2.9.2/1.1.2/scalaxb_2.9.2-1.1.2.jar"/>
					</artifact>
				</artifacts>
			</revision>
		</module>
		<module organisation="log4j" name="log4j">
			<revision name="1.2.17" status="release" pubdate="20120526174339" resolver="sbt-chain" artresolver="sbt-chain" homepage="http://logging.apache.org/log4j/1.2/" downloaded="false" searched="false" default="false" conf="compile, master(*), runtime, compile(*), runtime(*), master" position="9">
				<license name="The Apache Software License, Version 2.0" url="http://www.apache.org/licenses/LICENSE-2.0.txt"/>
				<metadata-artifact status="no" details="" size="3514" time="0" location="/home/alex/.ivy2/cache/log4j/log4j/ivy-1.2.17.xml" searched="false" origin-is-local="false" origin-location="http://repo1.maven.org/maven2/log4j/log4j/1.2.17/log4j-1.2.17.pom"/>
				<caller organisation="org.scalaxb" name="scalaxb_2.9.2" conf="compile, runtime" rev="1.2.17" rev-constraint-default="1.2.17" rev-constraint-dynamic="1.2.17" callerrev="1.1.2"/>
				<artifacts>
					<artifact name="log4j" type="bundle" ext="jar" status="no" details="" size="489884" time="0" location="/home/alex/.ivy2/cache/log4j/log4j/bundles/log4j-1.2.17.jar">
						<origin-location is-local="false" location="http://repo1.maven.org/maven2/log4j/log4j/1.2.17/log4j-1.2.17.jar"/>
					</artifact>
				</artifacts>
			</revision>
		</module>
		<module organisation="com.github.scopt" name="scopt_2.9.2">
			<revision name="3.0.0" status="release" pubdate="20130608124549" resolver="sonatype-public" artresolver="sonatype-public" homepage="https://github.com/scopt/scopt" downloaded="false" searched="false" default="false" conf="compile, master(*), runtime, compile(*), runtime(*), master" position="8">
				<license name="MIT License" url="http://www.opensource.org/licenses/mit-license.php"/>
				<metadata-artifact status="no" details="" size="2661" time="0" location="/home/alex/.ivy2/cache/com.github.scopt/scopt_2.9.2/ivy-3.0.0.xml" searched="false" origin-is-local="false" origin-location="https://oss.sonatype.org/content/repositories/public/com/github/scopt/scopt_2.9.2/3.0.0/scopt_2.9.2-3.0.0.pom"/>
				<caller organisation="org.scalaxb" name="scalaxb_2.9.2" conf="compile, runtime" rev="3.0.0" rev-constraint-default="3.0.0" rev-constraint-dynamic="3.0.0" callerrev="1.1.2"/>
				<artifacts>
					<artifact name="scopt_2.9.2" type="jar" ext="jar" status="no" details="" size="107788" time="0" location="/home/alex/.ivy2/cache/com.github.scopt/scopt_2.9.2/jars/scopt_2.9.2-3.0.0.jar">
						<origin-location is-local="false" location="https://oss.sonatype.org/content/repositories/public/com/github/scopt/scopt_2.9.2/3.0.0/scopt_2.9.2-3.0.0.jar"/>
					</artifact>
				</artifacts>
			</revision>
		</module>
		<module organisation="com.typesafe.sbt" name="sbt-scalariform">
			<revision name="1.0.1" status="release" pubdate="20121221121724" resolver="sbt-plugin-releases" artresolver="sbt-plugin-releases" extra-sbtVersion="0.12" extra-scalaVersion="2.9.2" downloaded="false" searched="false" default="false" conf="default(compile), compile" position="3">
				<metadata-artifact status="no" details="" size="1739" time="0" location="/home/alex/.ivy2/cache/scala_2.9.2/sbt_0.12/com.typesafe.sbt/sbt-scalariform/ivy-1.0.1.xml" searched="false" origin-is-local="false" origin-location="http://scalasbt.artifactoryonline.com/scalasbt/sbt-plugin-releases/com.typesafe.sbt/sbt-scalariform/scala_2.9.2/sbt_0.12/1.0.1/ivys/ivy.xml"/>
				<caller organisation="default" name="default-437ab8" conf="test, compile, runtime" rev="1.0.1" rev-constraint-default="1.0.1" rev-constraint-dynamic="1.0.1" callerrev="0.1-SNAPSHOT" extra-sbtVersion="0.12" extra-scalaVersion="2.9.2"/>
				<artifacts>
					<artifact name="sbt-scalariform" type="jar" ext="jar" status="no" details="" size="27585" time="0" location="/home/alex/.ivy2/cache/scala_2.9.2/sbt_0.12/com.typesafe.sbt/sbt-scalariform/jars/sbt-scalariform-1.0.1.jar">
						<origin-location is-local="false" location="http://scalasbt.artifactoryonline.com/scalasbt/sbt-plugin-releases/com.typesafe.sbt/sbt-scalariform/scala_2.9.2/sbt_0.12/1.0.1/jars/sbt-scalariform.jar"/>
					</artifact>
				</artifacts>
			</revision>
		</module>
		<module organisation="org.scalariform" name="scalariform_2.9.2">
			<revision name="0.1.3" status="release" pubdate="20121003194136" resolver="sonatype-public" artresolver="sonatype-public" homepage="http://github.com/mdr/scalariform" downloaded="false" searched="false" default="false" conf="default(compile), default, compile, runtime, master" position="4">
				<license name="MIT License" url="http://www.opensource.org/licenses/mit-license.php"/>
				<metadata-artifact status="no" details="" size="2653" time="0" location="/home/alex/.ivy2/cache/org.scalariform/scalariform_2.9.2/ivy-0.1.3.xml" searched="false" origin-is-local="false" origin-location="https://oss.sonatype.org/content/repositories/public/org/scalariform/scalariform_2.9.2/0.1.3/scalariform_2.9.2-0.1.3.pom"/>
				<caller organisation="com.typesafe.sbt" name="sbt-scalariform" conf="compile" rev="0.1.3" rev-constraint-default="0.1.3" rev-constraint-dynamic="0.1.3" callerrev="1.0.1"/>
				<artifacts>
					<artifact name="scalariform_2.9.2" type="jar" ext="jar" status="no" details="" size="1802938" time="0" location="/home/alex/.ivy2/cache/org.scalariform/scalariform_2.9.2/jars/scalariform_2.9.2-0.1.3.jar">
						<origin-location is-local="false" location="https://oss.sonatype.org/content/repositories/public/org/scalariform/scalariform_2.9.2/0.1.3/scalariform_2.9.2-0.1.3.jar"/>
					</artifact>
				</artifacts>
			</revision>
		</module>
		<module organisation="default" name="default-c82e21">
			<revision name="0.0" status="integration" pubdate="20131106195749" resolver="inter-project" artresolver="inter-project" extra-sbtVersion="0.12" extra-scalaVersion="2.9.2" downloaded="false" searched="false" default="false" conf="default(compile), compile" position="0">
				<metadata-artifact status="failed" details="" size="0" time="0" searched="false"/>
				<caller organisation="default" name="default-437ab8" conf="test, compile, runtime" rev="0.0" rev-constraint-default="0.0" rev-constraint-dynamic="0.0" callerrev="0.1-SNAPSHOT" extra-sbtVersion="0.12" extra-scalaVersion="2.9.2"/>
				<artifacts>
				</artifacts>
			</revision>
		</module>
		<module organisation="com.github.mpeltonen" name="sbt-idea">
			<revision name="1.5.1" status="release" pubdate="20130728053403" resolver="public" artresolver="public" homepage="http://your.project.url" extra-sbtVersion="0.12" extra-scalaVersion="2.9.2" downloaded="false" searched="false" default="false" conf="default(compile), default, compile, runtime, master" position="1">
				<license name="BSD-style" url="http://www.opensource.org/licenses/BSD-3-Clause"/>
				<metadata-artifact status="no" details="" size="3814" time="0" location="/home/alex/.ivy2/cache/scala_2.9.2/sbt_0.12/com.github.mpeltonen/sbt-idea/ivy-1.5.1.xml" searched="false" origin-is-local="false" origin-location="http://repo1.maven.org/maven2/com/github/mpeltonen/sbt-idea_2.9.2_0.12/1.5.1/sbt-idea-1.5.1.pom"/>
				<caller organisation="default" name="default-c82e21" conf="compile" rev="1.5.1" rev-constraint-default="1.5.1" rev-constraint-dynamic="1.5.1" callerrev="0.0" extra-sbtVersion="0.12" extra-scalaVersion="2.9.2"/>
				<artifacts>
					<artifact name="sbt-idea" type="jar" ext="jar" status="no" details="" size="366479" time="0" location="/home/alex/.ivy2/cache/scala_2.9.2/sbt_0.12/com.github.mpeltonen/sbt-idea/jars/sbt-idea-1.5.1.jar">
						<origin-location is-local="false" location="http://repo1.maven.org/maven2/com/github/mpeltonen/sbt-idea_2.9.2_0.12/1.5.1/sbt-idea-1.5.1.jar"/>
					</artifact>
				</artifacts>
			</revision>
		</module>
		<module organisation="commons-io" name="commons-io">
			<revision name="2.0.1" status="release" pubdate="20101227011931" resolver="sbt-chain" artresolver="public" homepage="http://commons.apache.org/io/" downloaded="false" searched="false" default="false" conf="compile, master(*), runtime, compile(*), runtime(*), master" position="2">
				<metadata-artifact status="no" details="" size="6238" time="0" location="/home/alex/.ivy2/cache/commons-io/commons-io/ivy-2.0.1.xml" searched="false" origin-is-local="false" origin-location="http://repo1.maven.org/maven2/commons-io/commons-io/2.0.1/commons-io-2.0.1.pom"/>
				<caller organisation="com.github.mpeltonen" name="sbt-idea" conf="default, compile, runtime, master" rev="2.0.1" rev-constraint-default="2.0.1" rev-constraint-dynamic="2.0.1" callerrev="1.5.1"/>
				<artifacts>
					<artifact name="commons-io" type="jar" ext="jar" status="no" details="" size="159509" time="0" location="/home/alex/.ivy2/cache/commons-io/commons-io/jars/commons-io-2.0.1.jar">
						<origin-location is-local="false" location="http://repo1.maven.org/maven2/commons-io/commons-io/2.0.1/commons-io-2.0.1.jar"/>
					</artifact>
				</artifacts>
			</revision>
		</module>
		<module organisation="org.scala-lang" name="scala-library">
			<revision name="2.9.2" status="release" pubdate="20120413202921" resolver="sbt-chain" artresolver="sbt-chain" homepage="http://www.scala-lang.org/" downloaded="false" searched="false" default="false" conf="compile, master(*), runtime, compile(*), runtime(*), master" position="5">
				<license name="BSD-like" url="http://www.scala-lang.org/downloads/license.html          "/>
				<metadata-artifact status="no" details="" size="2391" time="0" location="/home/alex/.ivy2/cache/org.scala-lang/scala-library/ivy-2.9.2.xml" searched="false" origin-is-local="false" origin-location="http://repo1.maven.org/maven2/org/scala-lang/scala-library/2.9.2/scala-library-2.9.2.pom"/>
				<caller organisation="com.github.scopt" name="scopt_2.9.2" conf="compile, runtime" rev="2.9.2" rev-constraint-default="2.9.2" rev-constraint-dynamic="2.9.2" callerrev="3.0.0"/>
				<caller organisation="org.scalaxb" name="scalaxb_2.9.2" conf="compile, runtime" rev="2.9.2" rev-constraint-default="2.9.2" rev-constraint-dynamic="2.9.2" callerrev="1.1.2"/>
				<caller organisation="org.scalariform" name="scalariform_2.9.2" conf="default, compile, runtime, master" rev="2.9.2" rev-constraint-default="2.9.2" rev-constraint-dynamic="2.9.2" callerrev="0.1.3"/>
				<artifacts>
				</artifacts>
			</revision>
		</module>
	</dependencies>
</ivy-report>
